<?xml version="1.0" encoding="utf-8"?><testsuites name="pytest tests"><testsuite name="pytest" errors="0" failures="1" skipped="0" tests="11" time="6.142" timestamp="2026-07-08T15:33:20.090774+00:00" hostname="agent-env-cfa4578c-f7f7-4f8a-90ff-8bece436339f"><testcase classname="backend.tests.test_google_auth_iter11.TestGoogleAuthEndpoint" name="test_bogus_session_id_401" time="0.769" /><testcase classname="backend.tests.test_google_auth_iter11.TestGoogleAuthEndpoint" name="test_missing_session_id_422" time="0.048" /><testcase classname="backend.tests.test_google_auth_iter11.TestGoogleAuthEndpoint" name="test_empty_session_id" time="1.354" /><testcase classname="backend.tests.test_google_auth_iter11.TestEmailPasswordAuth" name="test_demo_login_success" time="0.381" /><testcase classname="backend.tests.test_google_auth_iter11.TestEmailPasswordAuth" name="test_owner_login_and_admin" time="0.319" /><testcase classname="backend.tests.test_google_auth_iter11.TestEmailPasswordAuth" name="test_admin_lockdown_without_sudo" time="0.319" /><testcase classname="backend.tests.test_google_auth_iter11.TestEmailPasswordAuth" name="test_login_wrong_password_401" time="0.272" /><testcase classname="backend.tests.test_google_auth_iter11.TestEmailPasswordAuth" name="test_login_unknown_email_401" time="0.055" /><testcase classname="backend.tests.test_google_auth_iter11.TestRegistration" name="test_register_new_and_duplicate" time="0.279"><failure message="AssertionError: assert 'test_iter11_...e@example.com' == 'TEST_iter11_...e@example.com'&#10;  &#10;  - TEST_iter11_68c939de@example.com&#10;  ? ^^^^&#10;  + test_iter11_68c939de@example.com&#10;  ? ^^^^">backend/tests/test_google_auth_iter11.py:89: in test_register_new_and_duplicate
    assert data["user"]["email"] == email
E   AssertionError: assert 'test_iter11_...e@example.com' == 'TEST_iter11_...e@example.com'
E     
E     - TEST_iter11_68c939de@example.com
E     ? ^^^^
E     + test_iter11_68c939de@example.com
E     ? ^^^^</failure></testcase><testcase classname="backend.tests.test_google_auth_iter11.TestMisc" name="test_plans_count" time="0.051" /><testcase classname="backend.tests.test_google_auth_iter11.TestMisc" name="test_azure_chat_smoke" time="2.200" /></testsuite></testsuites>