<?xml version="1.0" encoding="utf-8"?><testsuites name="pytest tests"><testsuite name="pytest" errors="0" failures="0" skipped="0" tests="28" time="75.957" timestamp="2026-06-04T21:39:45.641249+00:00" hostname="agent-env-cfa4578c-f7f7-4f8a-90ff-8bece436339f"><testcase classname="tests.test_aiforge_backend.TestHealth" name="test_root" time="0.197" /><testcase classname="tests.test_aiforge_backend.TestPlans" name="test_plans_six_tiers" time="0.052" /><testcase classname="tests.test_aiforge_backend.TestAuth" name="test_register_new_user" time="0.277" /><testcase classname="tests.test_aiforge_backend.TestAuth" name="test_register_duplicate" time="0.054" /><testcase classname="tests.test_aiforge_backend.TestAuth" name="test_login_demo" time="0.273" /><testcase classname="tests.test_aiforge_backend.TestAuth" name="test_login_invalid" time="0.271" /><testcase classname="tests.test_aiforge_backend.TestAuth" name="test_me_returns_user" time="0.050" /><testcase classname="tests.test_aiforge_backend.TestAuth" name="test_me_no_token" time="0.047" /><testcase classname="tests.test_aiforge_backend.TestAuth" name="test_google_auth_invalid_session" time="0.186" /><testcase classname="tests.test_aiforge_backend.TestCreationsBasic" name="test_stats_returns_counts" time="0.053" /><testcase classname="tests.test_aiforge_backend.TestCreationsBasic" name="test_list_creations_only_own" time="0.052" /><testcase classname="tests.test_aiforge_backend.TestGeneration" name="test_image_generation" time="10.252" /><testcase classname="tests.test_aiforge_backend.TestGeneration" name="test_model3d_generation" time="10.291" /><testcase classname="tests.test_aiforge_backend.TestGeneration" name="test_chat_endpoint" time="1.427" /><testcase classname="tests.test_aiforge_backend.TestGeneration" name="test_scad_generation" time="11.987" /><testcase classname="tests.test_aiforge_backend.TestGeneration" name="test_chat_multiturn_session_continuity" time="3.807" /><testcase classname="tests.test_aiforge_backend.TestGeneration" name="test_video_generation_processing" time="0.335" /><testcase classname="tests.test_aiforge_backend.TestCreationsCRUD" name="test_list_includes_new" time="0.196" /><testcase classname="tests.test_aiforge_backend.TestCreationsCRUD" name="test_get_creation_detail" time="0.087" /><testcase classname="tests.test_aiforge_backend.TestCreationsCRUD" name="test_get_other_user_blocked" time="0.053" /><testcase classname="tests.test_aiforge_backend.TestCreationsCRUD" name="test_stats_updated" time="0.050" /><testcase classname="tests.test_aiforge_backend.TestCreationsCRUD" name="test_delete_creation" time="0.100" /><testcase classname="tests.test_aiforge_backend.TestDailyLimit" name="test_free_limit_enforced" time="17.172" /><testcase classname="tests.test_aiforge_backend.TestDailyLimit" name="test_scad_endpoint_also_402_when_exhausted" time="17.256" /><testcase classname="tests.test_aiforge_backend.TestCheckout" name="test_checkout_create_returns_url" time="0.413" /><testcase classname="tests.test_aiforge_backend.TestCheckout" name="test_checkout_quantum" time="0.453" /><testcase classname="tests.test_aiforge_backend.TestCheckout" name="test_checkout_singularity" time="0.423" /><testcase classname="tests.test_aiforge_backend.TestCheckout" name="test_checkout_invalid_plan" time="0.065" /></testsuite></testsuites>