<?xml version="1.0" encoding="utf-8"?><testsuites name="pytest tests"><testsuite name="pytest" errors="0" failures="0" skipped="0" tests="8" time="4.150" timestamp="2026-07-05T17:44:57.257429+00:00" hostname="agent-env-cfa4578c-f7f7-4f8a-90ff-8bece436339f"><testcase classname="backend.tests.test_login_regression_iter7.TestAuth" name="test_login_valid" time="0.524" /><testcase classname="backend.tests.test_login_regression_iter7.TestAuth" name="test_login_wrong_password" time="0.342" /><testcase classname="backend.tests.test_login_regression_iter7.TestAuth" name="test_me_with_token" time="0.693" /><testcase classname="backend.tests.test_login_regression_iter7.TestAuth" name="test_me_without_token" time="0.170" /><testcase classname="backend.tests.test_login_regression_iter7.TestAuth" name="test_register_new_then_duplicate" time="0.465" /><testcase classname="backend.tests.test_login_regression_iter7.TestCatalog" name="test_plans_returns_six" time="0.114" /><testcase classname="backend.tests.test_login_regression_iter7.TestUserFlows" name="test_creations_list" time="1.670" /><testcase classname="backend.tests.test_login_regression_iter7.TestUserFlows" name="test_admin_me_is_admin" time="0.102" /></testsuite></testsuites>