<?xml version="1.0" encoding="utf-8"?><testsuites name="pytest tests"><testsuite name="pytest" errors="0" failures="6" skipped="2" tests="26" time="31.076" timestamp="2026-06-04T21:31:08.915294+00:00" hostname="agent-env-cfa4578c-f7f7-4f8a-90ff-8bece436339f"><testcase classname="tests.test_aiforge_backend.TestHealth" name="test_root" time="0.313" /><testcase classname="tests.test_aiforge_backend.TestPlans" name="test_plans_six_tiers" time="0.059" /><testcase classname="tests.test_aiforge_backend.TestAuth" name="test_register_new_user" time="0.358" /><testcase classname="tests.test_aiforge_backend.TestAuth" name="test_register_duplicate" time="0.059" /><testcase classname="tests.test_aiforge_backend.TestAuth" name="test_login_demo" time="0.294" /><testcase classname="tests.test_aiforge_backend.TestAuth" name="test_login_invalid" time="0.283" /><testcase classname="tests.test_aiforge_backend.TestAuth" name="test_me_returns_user" time="0.060" /><testcase classname="tests.test_aiforge_backend.TestAuth" name="test_me_no_token" time="0.056" /><testcase classname="tests.test_aiforge_backend.TestAuth" name="test_google_auth_invalid_session" time="0.156" /><testcase classname="tests.test_aiforge_backend.TestCreationsBasic" name="test_stats_returns_counts" time="0.085" /><testcase classname="tests.test_aiforge_backend.TestCreationsBasic" name="test_list_creations_only_own" time="0.055" /><testcase classname="tests.test_aiforge_backend.TestGeneration" name="test_image_generation" time="1.062"><failure message="AssertionError: Image gen failed: 502 {&quot;detail&quot;:&quot;Generation failed: Failed to generate multimodal completion: litellm.BadRequestError: OpenAIException - Budget has been exceeded! Current cost: 0.546781, Max budget: 0.4&quot;}&#10;assert 502 == 200&#10; +  where 502 = &lt;Response [502]&gt;.status_code">tests/test_aiforge_backend.py:144: in test_image_generation
    assert r.status_code == 200, f"Image gen failed: {r.status_code} {r.text[:300]}"
E   AssertionError: Image gen failed: 502 {"detail":"Generation failed: Failed to generate multimodal completion: litellm.BadRequestError: OpenAIException - Budget has been exceeded! Current cost: 0.546781, Max budget: 0.4"}
E   assert 502 == 200
E    +  where 502 = &lt;Response [502]&gt;.status_code</failure></testcase><testcase classname="tests.test_aiforge_backend.TestGeneration" name="test_model3d_generation" time="0.260"><failure message="AssertionError: 3D gen failed: 502 {&quot;detail&quot;:&quot;Generation failed: Failed to generate multimodal completion: litellm.BadRequestError: OpenAIException - Budget has been exceeded! Current cost: 0.546781, Max budget: 0.4&quot;}&#10;assert 502 == 200&#10; +  where 502 = &lt;Response [502]&gt;.status_code">tests/test_aiforge_backend.py:159: in test_model3d_generation
    assert r.status_code == 200, f"3D gen failed: {r.status_code} {r.text[:300]}"
E   AssertionError: 3D gen failed: 502 {"detail":"Generation failed: Failed to generate multimodal completion: litellm.BadRequestError: OpenAIException - Budget has been exceeded! Current cost: 0.546781, Max budget: 0.4"}
E   assert 502 == 200
E    +  where 502 = &lt;Response [502]&gt;.status_code</failure></testcase><testcase classname="tests.test_aiforge_backend.TestGeneration" name="test_chat_endpoint" time="1.769" /><testcase classname="tests.test_aiforge_backend.TestGeneration" name="test_scad_generation" time="11.579" /><testcase classname="tests.test_aiforge_backend.TestGeneration" name="test_chat_multiturn_session_continuity" time="4.385"><failure message="AssertionError: multi-turn lost context, reply: I don't have any secret code from you. This is the beginning of our conversation, and no code has been shared. Is there something I can help you with?&#10;assert ('BANANA-42' in &quot;I DON'T HAVE ANY SECRET CODE FROM YOU. THIS IS THE BEGINNING OF OUR CONVERSATION, AND NO CODE HAS BEEN SHARED. IS THERE SOMETHING I CAN HELP YOU WITH?&quot; or 'BANANA' in &quot;I DON'T HAVE ANY SECRET CODE FROM YOU. THIS IS THE BEGINNING OF OUR CONVERSATION, AND NO CODE HAS BEEN SHARED. IS THERE SOMETHING I CAN HELP YOU WITH?&quot;)&#10; +  where &quot;I DON'T HAVE ANY SECRET CODE FROM YOU. THIS IS THE BEGINNING OF OUR CONVERSATION, AND NO CODE HAS BEEN SHARED. IS THERE SOMETHING I CAN HELP YOU WITH?&quot; = &lt;built-in method upper of str object at 0xfb71448cd210&gt;()&#10; +    where &lt;built-in method upper of str object at 0xfb71448cd210&gt; = &quot;I don't have any secret code from you. This is the beginning of our conversation, and no code has been shared. Is there something I can help you with?&quot;.upper&#10; +  and   &quot;I DON'T HAVE ANY SECRET CODE FROM YOU. THIS IS THE BEGINNING OF OUR CONVERSATION, AND NO CODE HAS BEEN SHARED. IS THERE SOMETHING I CAN HELP YOU WITH?&quot; = &lt;built-in method upper of str object at 0xfb71448cd210&gt;()&#10; +    where &lt;built-in method upper of str object at 0xfb71448cd210&gt; = &quot;I don't have any secret code from you. This is the beginning of our conversation, and no code has been shared. Is there something I can help you with?&quot;.upper">tests/test_aiforge_backend.py:221: in test_chat_multiturn_session_continuity
    assert "BANANA-42" in reply2.upper() or "BANANA" in reply2.upper(), f"multi-turn lost context, reply: {reply2[:200]}"
E   AssertionError: multi-turn lost context, reply: I don't have any secret code from you. This is the beginning of our conversation, and no code has been shared. Is there something I can help you with?
E   assert ('BANANA-42' in "I DON'T HAVE ANY SECRET CODE FROM YOU. THIS IS THE BEGINNING OF OUR CONVERSATION, AND NO CODE HAS BEEN SHARED. IS THERE SOMETHING I CAN HELP YOU WITH?" or 'BANANA' in "I DON'T HAVE ANY SECRET CODE FROM YOU. THIS IS THE BEGINNING OF OUR CONVERSATION, AND NO CODE HAS BEEN SHARED. IS THERE SOMETHING I CAN HELP YOU WITH?")
E    +  where "I DON'T HAVE ANY SECRET CODE FROM YOU. THIS IS THE BEGINNING OF OUR CONVERSATION, AND NO CODE HAS BEEN SHARED. IS THERE SOMETHING I CAN HELP YOU WITH?" = &lt;built-in method upper of str object at 0xfb71448cd210&gt;()
E    +    where &lt;built-in method upper of str object at 0xfb71448cd210&gt; = "I don't have any secret code from you. This is the beginning of our conversation, and no code has been shared. Is there something I can help you with?".upper
E    +  and   "I DON'T HAVE ANY SECRET CODE FROM YOU. THIS IS THE BEGINNING OF OUR CONVERSATION, AND NO CODE HAS BEEN SHARED. IS THERE SOMETHING I CAN HELP YOU WITH?" = &lt;built-in method upper of str object at 0xfb71448cd210&gt;()
E    +    where &lt;built-in method upper of str object at 0xfb71448cd210&gt; = "I don't have any secret code from you. This is the beginning of our conversation, and no code has been shared. Is there something I can help you with?".upper</failure></testcase><testcase classname="tests.test_aiforge_backend.TestGeneration" name="test_video_generation_processing" time="0.059" /><testcase classname="tests.test_aiforge_backend.TestCreationsCRUD" name="test_list_includes_new" time="0.121" /><testcase classname="tests.test_aiforge_backend.TestCreationsCRUD" name="test_get_creation_detail" time="0.000"><skipped type="pytest.skip" message="image not created">/app/backend/tests/test_aiforge_backend.py:250: image not created</skipped></testcase><testcase classname="tests.test_aiforge_backend.TestCreationsCRUD" name="test_get_other_user_blocked" time="0.000"><skipped type="pytest.skip" message="image not created">/app/backend/tests/test_aiforge_backend.py:259: image not created</skipped></testcase><testcase classname="tests.test_aiforge_backend.TestCreationsCRUD" name="test_stats_updated" time="0.062"><failure message="assert 0 &gt;= 1">tests/test_aiforge_backend.py:267: in test_stats_updated
    assert data["image"] &gt;= 1
E   assert 0 &gt;= 1</failure></testcase><testcase classname="tests.test_aiforge_backend.TestCreationsCRUD" name="test_delete_creation" time="0.123" /><testcase classname="tests.test_aiforge_backend.TestDailyLimit" name="test_free_limit_enforced" time="4.826"><failure message="AssertionError: gen 1 failed: {&quot;detail&quot;:&quot;Chat failed: Failed to generate chat completion: litellm.BadRequestError: OpenAIException - Budget has been exceeded! Current cost: 0.546781, Max budget: 0.4&quot;}&#10;assert 502 == 200&#10; +  where 502 = &lt;Response [502]&gt;.status_code">tests/test_aiforge_backend.py:292: in test_free_limit_enforced
    assert r.status_code == 200, f"gen {i} failed: {r.text[:200]}"
E   AssertionError: gen 1 failed: {"detail":"Chat failed: Failed to generate chat completion: litellm.BadRequestError: OpenAIException - Budget has been exceeded! Current cost: 0.546781, Max budget: 0.4"}
E   assert 502 == 200
E    +  where 502 = &lt;Response [502]&gt;.status_code</failure></testcase><testcase classname="tests.test_aiforge_backend.TestDailyLimit" name="test_scad_endpoint_also_402_when_exhausted" time="4.242"><failure message="assert 502 == 200&#10; +  where 502 = &lt;Response [502]&gt;.status_code">tests/test_aiforge_backend.py:308: in test_scad_endpoint_also_402_when_exhausted
    assert r.status_code == 200
E   assert 502 == 200
E    +  where 502 = &lt;Response [502]&gt;.status_code</failure></testcase><testcase classname="tests.test_aiforge_backend.TestCheckout" name="test_checkout_create_returns_url" time="0.539" /><testcase classname="tests.test_aiforge_backend.TestCheckout" name="test_checkout_invalid_plan" time="0.058" /></testsuite></testsuites>