<?xml version="1.0" encoding="utf-8"?><testsuites name="pytest tests"><testsuite name="pytest" errors="0" failures="0" skipped="0" tests="23" time="5.297" timestamp="2026-07-07T01:09:30.045792+00:00" hostname="agent-env-cfa4578c-f7f7-4f8a-90ff-8bece436339f"><testcase classname="tests.test_admin_lockdown_iter8.TestOwnerLockdown" name="test_owner_login_ok" time="0.581" /><testcase classname="tests.test_admin_lockdown_iter8.TestOwnerLockdown" name="test_owner_admin_me_true" time="0.154" /><testcase classname="tests.test_admin_lockdown_iter8.TestOwnerLockdown" name="test_admin_users_403_without_sudo" time="0.151" /><testcase classname="tests.test_admin_lockdown_iter8.TestOwnerLockdown" name="test_stripe_key_get_403_without_sudo" time="0.139" /><testcase classname="tests.test_admin_lockdown_iter8.TestOwnerLockdown" name="test_unlock_wrong_password_401" time="0.368" /><testcase classname="tests.test_admin_lockdown_iter8.TestOwnerLockdown" name="test_unlock_correct_password_returns_sudo_token" time="0.325" /><testcase classname="tests.test_admin_lockdown_iter8.TestOwnerLockdown" name="test_admin_users_200_with_sudo" time="0.147" /><testcase classname="tests.test_admin_lockdown_iter8.TestOwnerLockdown" name="test_stripe_key_get_sandbox_with_sudo" time="0.160" /><testcase classname="tests.test_admin_lockdown_iter8.TestOwnerLockdown" name="test_reset_user_password_requires_sudo" time="0.106" /><testcase classname="tests.test_admin_lockdown_iter8.TestDemoDemoted" name="test_demo_login_ok" time="0.392" /><testcase classname="tests.test_admin_lockdown_iter8.TestDemoDemoted" name="test_demo_admin_me_false" time="0.149" /><testcase classname="tests.test_admin_lockdown_iter8.TestDemoDemoted" name="test_demo_admin_users_forbidden" time="0.119" /><testcase classname="tests.test_admin_lockdown_iter8.TestDemoDemoted" name="test_demo_unlock_forbidden" time="0.131" /><testcase classname="tests.test_admin_lockdown_iter8.TestBobPasswordReset" name="test_owner_resets_bob_password" time="0.941" /><testcase classname="tests.test_admin_lockdown_iter8.TestBobPasswordReset" name="test_bob_new_password_works" time="0.276" /><testcase classname="tests.test_admin_lockdown_iter8.TestBobPasswordReset" name="test_bob_old_password_rejected" time="0.277" /><testcase classname="tests.test_admin_lockdown_iter8.TestSmoke" name="test_plans_returns_six" time="0.100" /><testcase classname="tests.test_admin_lockdown_iter8.TestSmoke" name="test_register_new_and_duplicate" time="0.435" /><testcase classname="tests.test_db_failover_iter9.TestSelectAuthorizedDbFailover" name="test_first_candidate_unauthorized_second_wins" time="0.003" /><testcase classname="tests.test_db_failover_iter9.TestSelectAuthorizedDbFailover" name="test_all_candidates_fail_keeps_initial_and_does_not_raise" time="0.001" /><testcase classname="tests.test_db_failover_iter9.TestSelectAuthorizedDbFailover" name="test_role_scoped_db_from_connection_status_is_probed" time="0.002" /><testcase classname="tests.test_db_failover_iter9.TestSelectAuthorizedDbFailover" name="test_connection_status_failure_is_swallowed" time="0.001" /><testcase classname="tests.test_db_failover_iter9.TestMongoProxyRepointing" name="test_from_core_import_db_sees_repoint" time="0.001" /></testsuite></testsuites>