<?xml version="1.0" encoding="utf-8"?><testsuites name="pytest tests"><testsuite name="pytest" errors="0" failures="0" skipped="0" tests="18" time="4.890" timestamp="2026-07-05T18:12:22.061993+00:00" hostname="agent-env-cfa4578c-f7f7-4f8a-90ff-8bece436339f"><testcase classname="backend.tests.test_admin_lockdown_iter8.TestOwnerLockdown" name="test_owner_login_ok" time="0.508" /><testcase classname="backend.tests.test_admin_lockdown_iter8.TestOwnerLockdown" name="test_owner_admin_me_true" time="0.138" /><testcase classname="backend.tests.test_admin_lockdown_iter8.TestOwnerLockdown" name="test_admin_users_403_without_sudo" time="0.154" /><testcase classname="backend.tests.test_admin_lockdown_iter8.TestOwnerLockdown" name="test_stripe_key_get_403_without_sudo" time="0.209" /><testcase classname="backend.tests.test_admin_lockdown_iter8.TestOwnerLockdown" name="test_unlock_wrong_password_401" time="0.326" /><testcase classname="backend.tests.test_admin_lockdown_iter8.TestOwnerLockdown" name="test_unlock_correct_password_returns_sudo_token" time="0.333" /><testcase classname="backend.tests.test_admin_lockdown_iter8.TestOwnerLockdown" name="test_admin_users_200_with_sudo" time="0.104" /><testcase classname="backend.tests.test_admin_lockdown_iter8.TestOwnerLockdown" name="test_stripe_key_get_sandbox_with_sudo" time="0.098" /><testcase classname="backend.tests.test_admin_lockdown_iter8.TestOwnerLockdown" name="test_reset_user_password_requires_sudo" time="0.140" /><testcase classname="backend.tests.test_admin_lockdown_iter8.TestDemoDemoted" name="test_demo_login_ok" time="0.367" /><testcase classname="backend.tests.test_admin_lockdown_iter8.TestDemoDemoted" name="test_demo_admin_me_false" time="0.157" /><testcase classname="backend.tests.test_admin_lockdown_iter8.TestDemoDemoted" name="test_demo_admin_users_forbidden" time="0.096" /><testcase classname="backend.tests.test_admin_lockdown_iter8.TestDemoDemoted" name="test_demo_unlock_forbidden" time="0.100" /><testcase classname="backend.tests.test_admin_lockdown_iter8.TestBobPasswordReset" name="test_owner_resets_bob_password" time="1.006" /><testcase classname="backend.tests.test_admin_lockdown_iter8.TestBobPasswordReset" name="test_bob_new_password_works" time="0.268" /><testcase classname="backend.tests.test_admin_lockdown_iter8.TestBobPasswordReset" name="test_bob_old_password_rejected" time="0.267" /><testcase classname="backend.tests.test_admin_lockdown_iter8.TestSmoke" name="test_plans_returns_six" time="0.099" /><testcase classname="backend.tests.test_admin_lockdown_iter8.TestSmoke" name="test_register_new_and_duplicate" time="0.433" /></testsuite></testsuites>